2015-06-21 16:50:38: :
Debug: Post User request: 
Array
(
)


2015-06-21 16:50:38: :
Debug: Files: 
Array
(
)


2015-06-21 16:51:04: :
Debug: Post User request: 
Array
(
)


2015-06-21 16:51:04: :
Debug: Files: 
Array
(
)


2015-06-21 16:51:32: :
Debug: Post User request: 
Array
(
)


2015-06-21 16:51:32: :
Debug: Files: 
Array
(
)


2015-06-21 16:57:54: :
Debug: Post User request: 
Array
(
)


2015-06-21 16:57:54: :
Debug: Files: 
Array
(
)


2015-06-21 16:57:57: :
Debug: Post User request: 
Array
(
)


2015-06-21 16:57:57: :
Debug: Files: 
Array
(
)


2015-06-21 16:57:57: :
Debug: Post User request: 
Array
(
)


2015-06-21 16:57:57: :
Debug: Files: 
Array
(
)


2015-06-21 16:57:57: :
Debug: Post User request: 
Array
(
)


2015-06-21 16:57:57: :
Debug: Files: 
Array
(
)


2015-06-21 16:57:57: :
Debug: Post User request: 
Array
(
)


2015-06-21 16:57:57: :
Debug: Files: 
Array
(
)


2015-06-21 16:58:27: :
Debug: Post User request: 
Array
(
)


2015-06-21 16:58:27: :
Debug: Files: 
Array
(
)


2015-06-21 16:59:06: :
Debug: Post User request: 
Array
(
)


2015-06-21 16:59:06: :
Debug: Files: 
Array
(
)


2015-06-21 16:59:49: :
Debug: Post User request: 
Array
(
)


2015-06-21 16:59:49: :
Debug: Files: 
Array
(
)


2015-06-21 16:59:54: :
Debug: Post User request: 
Array
(
)


2015-06-21 16:59:54: :
Debug: Files: 
Array
(
)


2015-06-21 16:59:59: :
Debug: Post User request: 
Array
(
)


2015-06-21 16:59:59: :
Debug: Files: 
Array
(
)


2015-06-21 17:00:04: :
Debug: Post User request: 
Array
(
)


2015-06-21 17:00:04: :
Debug: Files: 
Array
(
)


2015-06-21 17:02:42: :
Debug: Post User request: 
Array
(
)


2015-06-21 17:02:42: :
Debug: Files: 
Array
(
)


2015-06-21 17:03:18: :
Debug: Post User request: 
Array
(
)


2015-06-21 17:03:18: :
Debug: Files: 
Array
(
)


2015-06-21 17:03:44: :
Debug: Post User request: 
Array
(
)


2015-06-21 17:03:44: :
Debug: Files: 
Array
(
)


2015-06-21 17:03:51: :
Debug: Post User request: 
Array
(
)


2015-06-21 17:03:51: :
Debug: Files: 
Array
(
)


2015-06-21 17:06:00: :
Debug: Post User request: 
Array
(
)


2015-06-21 17:06:00: :
Debug: Files: 
Array
(
)


2015-06-21 17:08:10: :
Debug: Post User request: 
Array
(
)


2015-06-21 17:08:10: :
Debug: Files: 
Array
(
)


2015-06-21 17:17:59: :
Debug: Post User request: 
Array
(
)


2015-06-21 17:17:59: :
Debug: Files: 
Array
(
)


2015-06-21 17:18:39: :
Debug: Post User request: 
Array
(
)


2015-06-21 17:18:39: :
Debug: Files: 
Array
(
)


2015-06-21 17:20:22: :
Debug: Post User request: 
Array
(
)


2015-06-21 17:20:22: :
Debug: Files: 
Array
(
)


